<?xml version="1.0" encoding="UTF-8"?>
<!-- Generated by org.testng.reporters.JUnitReportReporter -->
<testsuite hostname="LAPTOP-84JL8GC5" failures="0" tests="1" name="com.bridgelabz.test.DataDrivenTest" time="0.000" errors="0" timestamp="2022-01-20T23:40:34 IST" skipped="1">
  <testcase classname="com.bridgelabz.test.DataDrivenTest" name="loginTest" time="0.000">
    <skipped/>
  </testcase> <!-- loginTest -->
  <system-out/>
</testsuite> <!-- com.bridgelabz.test.DataDrivenTest -->
