<?xml version="1.0" encoding="UTF-8"?>
<!-- Generated by org.testng.reporters.JUnitReportReporter -->
<testsuite hostname="LAPTOP-84JL8GC5" failures="0" tests="1" name="com.bridgelabz.test.BookSwagonTest" time="7.425" errors="0" timestamp="2022-01-19T21:36:08 IST" skipped="0">
  <testcase classname="com.bridgelabz.test.BookSwagonTest" name="searchListofBooks" time="7.425"/>
  <system-out/>
</testsuite> <!-- com.bridgelabz.test.BookSwagonTest -->
