<?xml version="1.0" encoding="UTF-8"?>
<!-- Generated by org.testng.reporters.JUnitReportReporter -->
<testsuite hostname="LAPTOP-84JL8GC5" failures="0" tests="1" name="com.bridgelabz.test.BookStoreTestForNegativeScenario" time="3.841" errors="0" timestamp="2022-01-19T21:52:46 IST" skipped="0">
  <testcase classname="com.bridgelabz.test.BookStoreTestForNegativeScenario" name="invalidCredentials" time="3.841"/>
  <system-out/>
</testsuite> <!-- com.bridgelabz.test.BookStoreTestForNegativeScenario -->
