<?xml version="1.0" encoding="UTF-8"?>
<!-- Generated by org.testng.reporters.JUnitReportReporter -->
<testsuite hostname="LAPTOP-84JL8GC5" failures="0" tests="1" name="com.bridgelabz.test.BookStoreTestForNegativeScenario" time="7.697" errors="0" timestamp="2022-01-24T17:44:12 IST" skipped="0">
  <testcase classname="com.bridgelabz.test.BookStoreTestForNegativeScenario" name="toSearchBook" time="7.697"/>
  <system-out/>
</testsuite> <!-- com.bridgelabz.test.BookStoreTestForNegativeScenario -->
